<?xml version="1.0" encoding="UTF-8"?>
<!-- Generated by org.testng.reporters.JUnitXMLReporter -->
<testsuite hostname="DESKTOP-4O3F2I9" ignored="0" name="Log" tests="5" failures="0" timestamp="2021-10-09T15:31:01 SGT" time="2.32" errors="0">
  <testcase name="createToDos" time="0.959" classname="todo.ManageToDoLists"/>
  <testcase name="editToDo" time="0.306" classname="todo.ManageToDoLists"/>
  <testcase name="completeToDo" time="0.251" classname="todo.ManageToDoLists"/>
  <testcase name="verificationOfTodoCount" time="0.187" classname="todo.ManageToDoLists"/>
  <testcase name="clearCompleted" time="0.29" classname="todo.ManageToDoLists"/>
</testsuite> <!-- Log -->
