<?xml version="1.0" encoding="UTF-8"?>
<!-- Generated by org.testng.reporters.JUnitXMLReporter -->
<testsuite ignored="0" hostname="DESKTOP-4O3F2I9" failures="0" tests="3" name="WFHLog" time="0.008" errors="0" timestamp="2021-08-15T13:45:15 SGT">
  <testcase classname="firstMavenPackage.Class4" name="loginAPI" time="0.004"/>
  <testcase classname="firstMavenPackage.Class4" name="loginMB" time="0.0"/>
  <testcase classname="firstMavenPackage.Class4" name="loginWeb" time="0.0"/>
</testsuite> <!-- WFHLog -->
