<?xml version="1.0" encoding="UTF-8"?>
<!-- Generated by org.testng.reporters.JUnitXMLReporter -->
<testsuite hostname="DESKTOP-4O3F2I9" ignored="0" name="Default test" tests="5" failures="0" timestamp="2021-10-09T14:37:05 SGT" time="2.031" errors="0">
  <testcase name="createToDos" time="0.625" classname="todo.ManageToDoLists"/>
  <testcase name="editToDo" time="0.336" classname="todo.ManageToDoLists"/>
  <testcase name="completeToDo" time="0.25" classname="todo.ManageToDoLists"/>
  <testcase name="verificationOfTodoCount" time="0.186" classname="todo.ManageToDoLists"/>
  <testcase name="clearCompleted" time="0.296" classname="todo.ManageToDoLists"/>
</testsuite> <!-- Default test -->
